<?xml version="1.0" encoding="UTF-8"?>
<!-- Generated by org.testng.reporters.JUnitXMLReporter -->
<testsuite ignored="2" hostname="DESKTOP-PH6KLPD" failures="5" tests="7" name="Test" time="0.577" errors="0" timestamp="2023-07-04T22:29:02 GMT-07:00">
  <testcase classname="Testngscripts.CreateCustomer" name="modified" time="0.044"/>
  <testcase classname="Testngscripts.CreateCustomer" name="Createcustomer" time="0.019">
    <failure type="java.lang.AssertionError" message="null">
      <![CDATA[java.lang.AssertionError: null
at Testngscripts.CreateCustomer.Createcustomer(CreateCustomer.java:12)
at java.base/java.util.ArrayList.forEach(ArrayList.java:1541)
... Removed 29 stack frames]]>
    </failure>
  </testcase> <!-- Createcustomer -->
  <testcase classname="Testngscripts.CreateCustomer" name="Createcustomer" time="0.005">
    <failure type="java.lang.AssertionError" message="null">
      <![CDATA[java.lang.AssertionError: null
at Testngscripts.CreateCustomer.Createcustomer(CreateCustomer.java:12)
at java.base/java.util.ArrayList.forEach(ArrayList.java:1541)
... Removed 29 stack frames]]>
    </failure>
  </testcase> <!-- Createcustomer -->
  <testcase classname="Testngscripts.CreateCustomer" name="Createcustomer" time="0.005">
    <failure type="java.lang.AssertionError" message="null">
      <![CDATA[java.lang.AssertionError: null
at Testngscripts.CreateCustomer.Createcustomer(CreateCustomer.java:12)
at java.base/java.util.ArrayList.forEach(ArrayList.java:1541)
... Removed 29 stack frames]]>
    </failure>
  </testcase> <!-- Createcustomer -->
  <testcase classname="Testngscripts.CreateCustomer" name="Createcustomer" time="0.013">
    <failure type="java.lang.AssertionError" message="null">
      <![CDATA[java.lang.AssertionError: null
at Testngscripts.CreateCustomer.Createcustomer(CreateCustomer.java:12)
at java.base/java.util.ArrayList.forEach(ArrayList.java:1541)
... Removed 29 stack frames]]>
    </failure>
  </testcase> <!-- Createcustomer -->
  <testcase classname="Testngscripts.CreateCustomer" name="Createcustomer" time="0.031">
    <failure type="java.lang.AssertionError" message="null">
      <![CDATA[java.lang.AssertionError: null
at Testngscripts.CreateCustomer.Createcustomer(CreateCustomer.java:12)
at java.base/java.util.ArrayList.forEach(ArrayList.java:1541)
... Removed 29 stack frames]]>
    </failure>
  </testcase> <!-- Createcustomer -->
  <testcase classname="Testngscripts.CreateCustomer" name="editcustomer" time="0.018"/>
  <testcase classname="Testngscripts.CreateCustomer" name="delectedscustomer" time="0.0">
    <ignored/>
  </testcase> <!-- delectedscustomer -->
  <testcase classname="Testngscripts.CreateCustomer" name="delectedcustomer" time="0.0">
    <ignored/>
  </testcase> <!-- delectedcustomer -->
</testsuite> <!-- Test -->
